{
  "RSpec": {
    "coverage": {
      "/Users/apprentice/rutherford-rocket-labs/app/helpers/application_helper.rb": [
        1,
        null
      ],
      "/Users/apprentice/rutherford-rocket-labs/app/helpers/orders_helper.rb": [
        1,
        null
      ],
      "/Users/apprentice/rutherford-rocket-labs/app/helpers/parts_helper.rb": [
        1,
        null
      ],
      "/Users/apprentice/rutherford-rocket-labs/app/controllers/orders_controller.rb": [
        1,
        1,
        3,
        null,
        null
      ],
      "/Users/apprentice/rutherford-rocket-labs/app/controllers/application_controller.rb": [
        1,
        1,
        null
      ],
      "/Users/apprentice/rutherford-rocket-labs/app/controllers/parts_controller.rb": [
        1,
        1,
        3,
        null,
        null,
        1,
        null,
        null,
        1,
        1,
        1,
        1,
        null,
        0,
        null,
        null,
        null,
        null,
        1,
        1,
        1,
        null,
        null
      ],
      "/Users/apprentice/rutherford-rocket-labs/app/models/order.rb": [
        1,
        1,
        1,
        null
      ],
      "/Users/apprentice/rutherford-rocket-labs/app/models/application_record.rb": [
        1,
        1,
        null
      ],
      "/Users/apprentice/rutherford-rocket-labs/app/models/orders_part.rb": [
        1,
        1,
        1,
        1,
        null
      ],
      "/Users/apprentice/rutherford-rocket-labs/app/models/part.rb": [
        1,
        1,
        1,
        1,
        null
      ],
      "/Users/apprentice/rutherford-rocket-labs/app/channels/application_cable/channel.rb": [
        0,
        0,
        0,
        0
      ],
      "/Users/apprentice/rutherford-rocket-labs/app/channels/application_cable/connection.rb": [
        0,
        0,
        0,
        0
      ],
      "/Users/apprentice/rutherford-rocket-labs/app/jobs/application_job.rb": [
        0,
        0
      ],
      "/Users/apprentice/rutherford-rocket-labs/app/mailers/application_mailer.rb": [
        0,
        0,
        0,
        0
      ]
    },
    "timestamp": 1508436596
  }
}
