{
  "RSpec": {
    "coverage": {
      "/Users/apprentice/rocket-labs/rrl/app/helpers/application_helper.rb": [
        1,
        null
      ],
      "/Users/apprentice/rocket-labs/rrl/app/models/order.rb": [
        1,
        1,
        1,
        null
      ],
      "/Users/apprentice/rocket-labs/rrl/app/models/application_record.rb": [
        1,
        1,
        null
      ],
      "/Users/apprentice/rocket-labs/rrl/app/models/orders_part.rb": [
        1,
        1,
        1,
        1,
        null
      ],
      "/Users/apprentice/rocket-labs/rrl/app/models/part.rb": [
        1,
        1,
        1,
        1,
        null
      ],
      "/Users/apprentice/rocket-labs/rrl/app/channels/application_cable/channel.rb": [
        0,
        0,
        0,
        0
      ],
      "/Users/apprentice/rocket-labs/rrl/app/channels/application_cable/connection.rb": [
        0,
        0,
        0,
        0
      ],
      "/Users/apprentice/rocket-labs/rrl/app/controllers/application_controller.rb": [
        0,
        0,
        0
      ],
      "/Users/apprentice/rocket-labs/rrl/app/jobs/application_job.rb": [
        0,
        0
      ],
      "/Users/apprentice/rocket-labs/rrl/app/mailers/application_mailer.rb": [
        0,
        0,
        0,
        0
      ]
    },
    "timestamp": 1508376913
  }
}
